[0m23:40:48.370000 [debug] [MainThread]: Sending event: {'category': 'dbt', 'action': 'invocation', 'label': 'start', 'context': [<snowplow_tracker.self_describing_json.SelfDescribingJson object at 0x7d323b97a0c0>, <snowplow_tracker.self_describing_json.SelfDescribingJson object at 0x7d323c42f9b0>, <snowplow_tracker.self_describing_json.SelfDescribingJson object at 0x7d323c42e060>]}


============================== 23:40:48.373068 | e436e7ee-b7ef-4e75-a5b5-8b7282058b88 ==============================
[0m23:40:48.373068 [info ] [MainThread]: Running with dbt=1.8.6
[0m23:40:48.373831 [debug] [MainThread]: running dbt with arguments {'printer_width': '80', 'indirect_selection': 'eager', 'write_json': 'True', 'log_cache_events': 'False', 'partial_parse': 'True', 'cache_selected_only': 'False', 'warn_error': 'None', 'version_check': 'True', 'fail_fast': 'False', 'log_path': 'logs', 'debug': 'False', 'profiles_dir': '/home/codespace/.dbt', 'use_colors': 'True', 'use_experimental_parser': 'False', 'empty': 'None', 'quiet': 'False', 'no_print': 'None', 'log_format': 'default', 'static_parser': 'True', 'invocation_command': 'dbt init', 'warn_error_options': 'WarnErrorOptions(include=[], exclude=[])', 'target_path': 'None', 'introspect': 'True', 'send_anonymous_usage_stats': 'True'}
[0m23:40:48.382076 [warn ] [MainThread]: [ConfigFolderDirectory]: Unable to parse dict {'dir': PosixPath('/home/codespace/.dbt')}
[0m23:40:48.382684 [info ] [MainThread]: Creating dbt configuration folder at 
[0m23:40:53.191004 [debug] [MainThread]: Starter project path: /workspaces/featurestore/fs_env/lib/python3.12/site-packages/dbt/include/starter_project
[0m23:40:53.195341 [info ] [MainThread]: 
Your new dbt project "store" was created!

For more information on how to configure the profiles.yml file,
please consult the dbt documentation here:

  https://docs.getdbt.com/docs/configure-your-profile

One more thing:

Need help? Don't hesitate to reach out to us via GitHub issues or on Slack:

  https://community.getdbt.com/

Happy modeling!

[0m23:40:53.196221 [info ] [MainThread]: Setting up your profile.
[0m23:42:33.984207 [info ] [MainThread]: Profile store written to /home/codespace/.dbt/profiles.yml using target's profile_template.yml and your supplied values. Run 'dbt debug' to validate the connection.
[0m23:42:33.986814 [debug] [MainThread]: Resource report: {"command_name": "init", "command_success": true, "command_wall_clock_time": 105.67195, "process_user_time": 1.389778, "process_kernel_time": 0.171695, "process_mem_max_rss": "107652", "process_in_blocks": "4520", "process_out_blocks": "80"}
[0m23:42:33.987595 [debug] [MainThread]: Command `dbt init` succeeded at 23:42:33.987478 after 105.67 seconds
[0m23:42:33.988243 [debug] [MainThread]: Sending event: {'category': 'dbt', 'action': 'invocation', 'label': 'end', 'context': [<snowplow_tracker.self_describing_json.SelfDescribingJson object at 0x7d323c4d4500>, <snowplow_tracker.self_describing_json.SelfDescribingJson object at 0x7d323a4cb170>, <snowplow_tracker.self_describing_json.SelfDescribingJson object at 0x7d323a54cef0>]}
[0m23:42:33.988788 [debug] [MainThread]: Flushing usage events
